<?xml version="1.0" encoding="UTF-8"?>
<!-- Generated by org.testng.reporters.JUnitReportReporter -->
<testsuite hostname="DESKTOP-GFF3JSG" failures="0" tests="3" name="testNG.MyClass" time="164.169" errors="0" timestamp="2022-06-09T16:34:32 IST" skipped="0">
  <testcase classname="testNG.MyClass" name="method" time="68.134"/>
  <system-out/>
  <testcase classname="testNG.MyClass" name="method2" time="43.893"/>
  <system-out>
    <![CDATA[method2 is running.. ]]>
  </system-out>
  <testcase classname="testNG.MyClass" name="method3" time="52.142"/>
  <system-out>
    <![CDATA[method2 is running.. ]]>
  </system-out>
</testsuite> <!-- testNG.MyClass -->
