<?xml version="1.0" encoding="UTF-8"?>
<!-- Generated by org.testng.reporters.JUnitReportReporter -->
<testsuite hostname="DESKTOP-GFF3JSG" failures="0" tests="2" name="groupingStudy.GroupUse1" time="0.003" errors="0" timestamp="2022-06-14T17:43:42 IST" skipped="0">
  <testcase classname="groupingStudy.GroupUse1" name="MyMethod7" time="0.002"/>
  <system-out>
    <![CDATA[MyMethod7 is Running.....]]>
  </system-out>
  <testcase classname="groupingStudy.GroupUse1" name="MyMethod6" time="0.001"/>
  <system-out>
    <![CDATA[MyMethod6 is Running.....]]>
  </system-out>
</testsuite> <!-- groupingStudy.GroupUse1 -->
