<?xml version="1.0" encoding="UTF-8"?>
<!-- Generated by org.testng.reporters.JUnitReportReporter -->
<testsuite hostname="DESKTOP-GFF3JSG" failures="0" tests="7" name="testNGKeywordUse.invocationCountUse" time="0.066" errors="0" timestamp="2022-06-12T20:15:09 IST" skipped="0">
  <testcase classname="testNGKeywordUse.invocationCountUse" name="B" time="0.008"/>
  <system-out>
    <![CDATA[Method B is Running]]>
  </system-out>
  <testcase classname="testNGKeywordUse.invocationCountUse" name="A" time="0.021"/>
  <system-out>
    <![CDATA[Method A is Running]]>
  </system-out>
  <testcase classname="testNGKeywordUse.invocationCountUse" name="D" time="0.011"/>
  <system-out>
    <![CDATA[Method D is Running]]>
  </system-out>
  <testcase classname="testNGKeywordUse.invocationCountUse" name="C" time="0.007"/>
  <system-out>
    <![CDATA[Method C is Running]]>
  </system-out>
  <testcase classname="testNGKeywordUse.invocationCountUse" name="D" time="0.005"/>
  <system-out>
    <![CDATA[Method D is Running]]>
  </system-out>
  <testcase classname="testNGKeywordUse.invocationCountUse" name="D" time="0.008"/>
  <system-out>
    <![CDATA[Method D is Running]]>
  </system-out>
  <testcase classname="testNGKeywordUse.invocationCountUse" name="D" time="0.006"/>
  <system-out>
    <![CDATA[Method D is Running]]>
  </system-out>
</testsuite> <!-- testNGKeywordUse.invocationCountUse -->
