<?xml version="1.0" encoding="UTF-8"?>
<!-- Generated by org.testng.reporters.JUnitReportReporter -->
<testsuite hostname="DESKTOP-GFF3JSG" failures="0" tests="1" name="pom1.TestNGExcelTestClass" time="5.523" errors="0" timestamp="2022-06-17T12:57:51 IST" skipped="0">
  <testcase classname="pom1.TestNGExcelTestClass" name="validUserID" time="5.523"/>
  <system-out>
    <![CDATA[UserId is Matching TC is Pass]]>
  </system-out>
</testsuite> <!-- pom1.TestNGExcelTestClass -->
