<?xml version="1.0" encoding="UTF-8"?>
<!-- Generated by org.testng.reporters.JUnitReportReporter -->
<testsuite hostname="DESKTOP-GFF3JSG" failures="0" tests="2" name="xmlStudy.MyClass1" time="0.017" errors="0" timestamp="2022-06-13T19:08:23 IST" skipped="0">
  <testcase classname="xmlStudy.MyClass1" name="Method1" time="0.015"/>
  <system-out>
    <![CDATA[Method1 is Running]]>
  </system-out>
  <testcase classname="xmlStudy.MyClass1" name="Method2" time="0.002"/>
  <system-out>
    <![CDATA[Method2 is Running]]>
  </system-out>
</testsuite> <!-- xmlStudy.MyClass1 -->
