<?xml version="1.0" encoding="UTF-8"?>
<!-- Generated by org.testng.reporters.JUnitReportReporter -->
<testsuite hostname="DESKTOP-GFF3JSG" failures="0" tests="1" name="serialAndParallelExecution.SerialExecution1" time="67.412" errors="0" timestamp="2022-06-14T18:41:29 IST" skipped="0">
  <testcase classname="serialAndParallelExecution.SerialExecution1" name="flipkart" time="67.412"/>
  <system-out/>
</testsuite> <!-- serialAndParallelExecution.SerialExecution1 -->
