<?xml version="1.0" encoding="UTF-8"?>
<!-- Generated by org.testng.reporters.JUnitReportReporter -->
<testsuite hostname="DESKTOP-GFF3JSG" failures="0" tests="1" name="testNG.AnnotationsStudy" time="0.008" errors="0" timestamp="2022-06-11T22:50:12 IST" skipped="0">
  <testcase classname="testNG.AnnotationsStudy" name="method" time="0.008"/>
  <system-out>
    <![CDATA[Test Method is Running]]>
  </system-out>
</testsuite> <!-- testNG.AnnotationsStudy -->
