<?xml version="1.0" encoding="UTF-8"?>
<!-- Generated by org.testng.reporters.JUnitReportReporter -->
<testsuite hostname="DESKTOP-GFF3JSG" failures="0" tests="1" name="xmlStudy.MyClass" time="0.018" errors="0" timestamp="2022-06-13T18:52:04 IST" skipped="0">
  <testcase classname="xmlStudy.MyClass" name="C" time="0.018"/>
  <system-out>
    <![CDATA[Method C is Running]]>
  </system-out>
</testsuite> <!-- xmlStudy.MyClass -->
