<?xml version="1.0" encoding="UTF-8"?>
<!-- Generated by org.testng.reporters.JUnitReportReporter -->
<testsuite hostname="DESKTOP-GFF3JSG" failures="0" tests="2" name="groupingStudy.GroupUse" time="0.016" errors="0" timestamp="2022-06-14T17:43:42 IST" skipped="0">
  <testcase classname="groupingStudy.GroupUse" name="Method1" time="0.013"/>
  <system-out>
    <![CDATA[Method1 is Running]]>
  </system-out>
  <testcase classname="groupingStudy.GroupUse" name="Method3" time="0.003"/>
  <system-out>
    <![CDATA[Method3 is Running]]>
  </system-out>
</testsuite> <!-- groupingStudy.GroupUse -->
