<?xml version="1.0" encoding="UTF-8"?>
<!-- Generated by org.testng.reporters.JUnitReportReporter -->
<testsuite hostname="DESKTOP-GFF3JSG" failures="0" tests="1" name="testNGListeners.ListenersUseTestNG" time="0.022" errors="0" timestamp="2022-06-22T11:55:18 IST" skipped="0">
  <testcase classname="testNGListeners.ListenersUseTestNG" name="myMethod" time="0.022"/>
  <system-out>
    <![CDATA[myMethod is Running
Success of Test Case]]>
  </system-out>
</testsuite> <!-- testNGListeners.ListenersUseTestNG -->
