<?xml version="1.0" encoding="UTF-8"?>
<!-- Generated by org.testng.reporters.JUnitReportReporter -->
<testsuite hostname="DESKTOP-GFF3JSG" failures="0" tests="1" name="kiteAPPTestPackage.KiteAppTestClass" time="14.413" errors="0" timestamp="2022-06-20T21:15:54 IST" skipped="0">
  <testcase classname="kiteAPPTestPackage.KiteAppTestClass" name="verifyUserID" time="14.413"/>
  <system-out>
    <![CDATA[UserId is Matching TC is Pass]]>
  </system-out>
</testsuite> <!-- kiteAPPTestPackage.KiteAppTestClass -->
