<?xml version="1.0" encoding="UTF-8"?>
<!-- Generated by org.testng.reporters.JUnitReportReporter -->
<testsuite hostname="DESKTOP-GFF3JSG" failures="0" tests="1" name="pom1.TestNGTestClass" time="5.376" errors="0" timestamp="2022-06-16T19:32:10 IST" skipped="0">
  <testcase classname="pom1.TestNGTestClass" name="validUserID" time="5.376"/>
  <system-out/>
</testsuite> <!-- pom1.TestNGTestClass -->
