<?xml version="1.0" encoding="UTF-8"?>
<!-- Generated by org.testng.reporters.JUnitReportReporter -->
<testsuite hostname="DESKTOP-GFF3JSG" failures="0" tests="2" name="xmlStudy.MyClass2" time="0.006" errors="0" timestamp="2022-06-13T19:08:23 IST" skipped="0">
  <testcase classname="xmlStudy.MyClass2" name="MyMethod7" time="0.003"/>
  <system-out>
    <![CDATA[MyMethod7 is Running]]>
  </system-out>
  <testcase classname="xmlStudy.MyClass2" name="MyMethod8" time="0.003"/>
  <system-out>
    <![CDATA[MyMethod8 is Running]]>
  </system-out>
</testsuite> <!-- xmlStudy.MyClass2 -->
