<?xml version="1.0" encoding="UTF-8"?>
<!-- Generated by org.testng.reporters.JUnitReportReporter -->
<testsuite hostname="DESKTOP-GFF3JSG" failures="0" tests="1" name="serialAndParallelExecution.SerialExecution" time="43.436" errors="0" timestamp="2022-06-14T18:41:29 IST" skipped="0">
  <testcase classname="serialAndParallelExecution.SerialExecution" name="facebook" time="43.436"/>
  <system-out/>
</testsuite> <!-- serialAndParallelExecution.SerialExecution -->
