<?xml version="1.0" encoding="UTF-8"?>
<!-- Generated by org.testng.reporters.JUnitReportReporter -->
<testsuite hostname="DESKTOP-GFF3JSG" failures="0" tests="1" name="failed_XMLFile.FirstClass" time="0.017" errors="0" timestamp="2022-06-14T17:50:11 IST" skipped="0">
  <testcase classname="failed_XMLFile.FirstClass" name="Method2" time="0.017"/>
  <system-out>
    <![CDATA[Method2 is Running]]>
  </system-out>
</testsuite> <!-- failed_XMLFile.FirstClass -->
