<?xml version="1.0" encoding="UTF-8"?>
<!-- Generated by org.testng.reporters.JUnitReportReporter -->
<testsuite hostname="DESKTOP-GFF3JSG" failures="0" tests="4" name="testNGKeywordUse.EnabledUse" time="0.024" errors="0" timestamp="2022-06-12T20:42:11 IST" skipped="1">
  <testcase classname="testNGKeywordUse.EnabledUse" name="A" time="0.015"/>
  <system-out>
    <![CDATA[Method A is Running]]>
  </system-out>
  <testcase classname="testNGKeywordUse.EnabledUse" name="C" time="0.006"/>
  <system-out>
    <![CDATA[Method C is Running]]>
  </system-out>
  <testcase classname="testNGKeywordUse.EnabledUse" name="D" time="0.003"/>
  <system-out>
    <![CDATA[Method D is Running]]>
  </system-out>
  <testcase classname="testNGKeywordUse.EnabledUse" name="B">
    <skipped/>
  </testcase> <!-- B -->
  <system-out/>
</testsuite> <!-- testNGKeywordUse.EnabledUse -->
