<?xml version="1.0" encoding="UTF-8"?>
<!-- Generated by org.testng.reporters.JUnitReportReporter -->
<testsuite hostname="DESKTOP-GFF3JSG" failures="0" tests="1" name="serialAndParallelExecution.ParallelExecution1" time="23.952" errors="0" timestamp="2022-06-14T18:50:58 IST" skipped="0">
  <testcase classname="serialAndParallelExecution.ParallelExecution1" name="facebook" time="23.952"/>
  <system-out/>
</testsuite> <!-- serialAndParallelExecution.ParallelExecution1 -->
