<?xml version="1.0" encoding="UTF-8"?>
<!-- Generated by org.testng.reporters.JUnitReportReporter -->
<testsuite hostname="DESKTOP-GFF3JSG" failures="0" tests="4" name="testNGKeywordUse.priorityUse" time="0.019" errors="0" timestamp="2022-06-12T20:27:21 IST" skipped="0">
  <testcase classname="testNGKeywordUse.priorityUse" name="D" time="0.013"/>
  <system-out>
    <![CDATA[Method D is Running]]>
  </system-out>
  <testcase classname="testNGKeywordUse.priorityUse" name="B" time="0.002"/>
  <system-out>
    <![CDATA[Method B is Running]]>
  </system-out>
  <testcase classname="testNGKeywordUse.priorityUse" name="C" time="0.003"/>
  <system-out>
    <![CDATA[Method C is Running]]>
  </system-out>
  <testcase classname="testNGKeywordUse.priorityUse" name="A" time="0.001"/>
  <system-out>
    <![CDATA[Method A is Running]]>
  </system-out>
</testsuite> <!-- testNGKeywordUse.priorityUse -->
