<?xml version="1.0" encoding="UTF-8"?>
<!-- Generated by org.testng.reporters.JUnitReportReporter -->
<testsuite hostname="DESKTOP-GFF3JSG" failures="0" tests="1" name="serialAndParallelExecution.ParallelExecution3" time="46.161" errors="0" timestamp="2022-06-14T18:50:59 IST" skipped="0">
  <testcase classname="serialAndParallelExecution.ParallelExecution3" name="amazon" time="46.161"/>
  <system-out/>
</testsuite> <!-- serialAndParallelExecution.ParallelExecution3 -->
