<?xml version="1.0" encoding="UTF-8"?>
<!-- Generated by org.testng.reporters.JUnitReportReporter -->
<testsuite hostname="DESKTOP-GFF3JSG" failures="0" tests="1" name="testNGListeners.Satara" time="0.013" errors="0" timestamp="2022-06-22T12:36:55 IST" skipped="0">
  <testcase classname="testNGListeners.Satara" name="kashil" time="0.013"/>
  <system-out>
    <![CDATA[Village in satara 
Success of Test Case]]>
  </system-out>
</testsuite> <!-- testNGListeners.Satara -->
