<?xml version="1.0" encoding="UTF-8"?>
<!-- Generated by org.testng.reporters.JUnitReportReporter -->
<testsuite hostname="DESKTOP-GFF3JSG" failures="0" tests="1" name="testNGListeners.Karad" time="0.004" errors="0" timestamp="2022-06-22T12:36:55 IST" skipped="0">
  <testcase classname="testNGListeners.Karad" name="maskarwadi" time="0.004"/>
  <system-out>
    <![CDATA[beautiful nature
Success of Test Case]]>
  </system-out>
</testsuite> <!-- testNGListeners.Karad -->
